<?xml version="1.0" encoding="UTF-8"?>
<!-- Generated by org.testng.reporters.JUnitReportReporter -->
<testsuite name="Annotation_ex1" tests="2" time="0.016" ignored="0" failures="0" timestamp="07 Feb 2017 13:37:48 GMT" skipped="0" hostname="TRICONNODE109" errors="0">
  <testcase name="testCase1" time="0.016" classname="Annotation_ex1"/>
  <testcase name="testCase2" time="0.000" classname="Annotation_ex1"/>
</testsuite> <!-- Annotation_ex1 -->
